#
# There is insufficient memory for the Java Runtime Environment to continue.
# Native memory allocation (mmap) failed to map 264241152 bytes for G1 virtual space
# Possible reasons:
#   The system is out of physical RAM or swap space
#   The process is running with CompressedOops enabled, and the Java Heap may be blocking the growth of the native heap
# Possible solutions:
#   Reduce memory load on the system
#   Increase physical memory or swap space
#   Check if swap backing store is full
#   Decrease Java heap size (-Xmx/-Xms)
#   Decrease number of Java threads
#   Decrease Java thread stack sizes (-Xss)
#   Set larger code cache with -XX:ReservedCodeCacheSize=
#   JVM is running with Zero Based Compressed Oops mode in which the Java heap is
#     placed in the first 32GB address space. The Java Heap base address is the
#     maximum limit for the native heap growth. Please use -XX:HeapBaseMinAddress
#     to set the Java Heap base and to place the Java Heap above 32GB virtual address.
# This output file may be truncated or incomplete.
#
#  Out of Memory Error (os_windows.cpp:3600), pid=26492, tid=17584
#
# JRE version:  (21.0.1+12) (build )
# Java VM: Java HotSpot(TM) 64-Bit Server VM (21.0.1+12-LTS-29, mixed mode, sharing, tiered, compressed oops, compressed class ptrs, g1 gc, windows-amd64)
# No core dump will be written. Minidumps are not enabled by default on client versions of Windows
#

---------------  S U M M A R Y ------------

Command Line: -javaagent:C:\Program Files\JetBrains\IntelliJ IDEA Community Edition 2022.3.3\lib\idea_rt.jar=55053:C:\Program Files\JetBrains\IntelliJ IDEA Community Edition 2022.3.3\bin -Dfile.encoding=UTF-8 -Dsun.stdout.encoding=UTF-8 -Dsun.stderr.encoding=UTF-8 Phase1.Simulator

Host: 12th Gen Intel(R) Core(TM) i5-12500H, 16 cores, 15G,  Windows 11 , 64 bit Build 22621 (10.0.22621.3958)
Time: Mon Sep 23 13:10:27 2024 India Standard Time elapsed time: 0.016345 seconds (0d 0h 0m 0s)

---------------  T H R E A D  ---------------

Current thread (0x00000253fc062bd0):  JavaThread "Unknown thread" [_thread_in_vm, id=17584, stack(0x00000058b8800000,0x00000058b8900000) (1024K)]

Stack: [0x00000058b8800000,0x00000058b8900000]
Native frames: (J=compiled Java code, j=interpreted, Vv=VM code, C=native code)
V  [jvm.dll+0x6c9029]
V  [jvm.dll+0x854b81]
V  [jvm.dll+0x856e5e]
V  [jvm.dll+0x857543]
V  [jvm.dll+0x280c06]
V  [jvm.dll+0x6c5715]
V  [jvm.dll+0x6ba10a]
V  [jvm.dll+0x3557ea]
V  [jvm.dll+0x35d436]
V  [jvm.dll+0x3ae1be]
V  [jvm.dll+0x3ae468]
V  [jvm.dll+0x3291fc]
V  [jvm.dll+0x329d8b]
V  [jvm.dll+0x81d179]
V  [jvm.dll+0x3bb4f1]
V  [jvm.dll+0x805ae8]
V  [jvm.dll+0x44effe]
V  [jvm.dll+0x450901]
C  [jli.dll+0x52a3]
C  [ucrtbase.dll+0x29333]
C  [KERNEL32.DLL+0x1257d]
C  [ntdll.dll+0x5af28]


---------------  P R O C E S S  ---------------

Threads class SMR info:
_java_thread_list=0x00007ffd07c09b88, length=0, elements={
}

Java Threads: ( => current thread )
Total: 0

Other Threads:
  0x00000253fe2d15b0 WorkerThread "GC Thread#0"                     [id=28032, stack(0x00000058b8900000,0x00000058b8a00000) (1024K)]
  0x00000253fe2e32d0 ConcurrentGCThread "G1 Main Marker"            [id=26792, stack(0x00000058b8a00000,0x00000058b8b00000) (1024K)]
  0x00000253fe2e3dd0 WorkerThread "G1 Conc#0"                       [id=27048, stack(0x00000058b8b00000,0x00000058b8c00000) (1024K)]

[error occurred during error reporting (printing all threads), id 0xc0000005, EXCEPTION_ACCESS_VIOLATION (0xc0000005) at pc=0x00007ffd0737c2c7]
VM state: not at safepoint (not fully initialized)

VM Mutex/Monitor currently owned by a thread:  ([mutex/lock_event])
[0x00007ffd07c7a6f8] Heap_lock - owner thread: 0x00000253fc062bd0

Heap address: 0x0000000704800000, size: 4024 MB, Compressed Oops mode: Zero based, Oop shift amount: 3

CDS archive(s) mapped at: [0x0000000000000000-0x0000000000000000-0x0000000000000000), size 0, SharedBaseAddress: 0x0000000800000000, ArchiveRelocationMode: 1.
Narrow klass base: 0x0000000000000000, Narrow klass shift: 0, Narrow klass range: 0x0

GC Precious Log:
 CardTable entry size: 512
 Card Set container configuration: InlinePtr #cards 4 size 8 Array Of Cards #cards 16 size 48 Howl #buckets 8 coarsen threshold 3686 Howl Bitmap #cards 512 size 80 coarsen threshold 460 Card regions per heap region 1 cards per card region 4096

Heap:
 garbage-first heap   total 0K, used 0K [0x0000000704800000, 0x0000000800000000)
  region size 2048K, 0 young (0K), 0 survivors (0K)

[error occurred during error reporting (printing heap information), id 0xc0000005, EXCEPTION_ACCESS_VIOLATION (0xc0000005) at pc=0x00007ffd07761be9]
GC Heap History (0 events):
No events

Dll operation events (1 events):
Event: 0.011 Loaded shared library C:\Program Files\Java\jdk-21\bin\java.dll

Deoptimization events (0 events):
No events

Classes loaded (0 events):
No events

Classes unloaded (0 events):
No events

Classes redefined (0 events):
No events

Internal exceptions (0 events):
No events

ZGC Phase Switch (0 events):
No events

VM Operations (0 events):
No events

Events (0 events):
No events


Dynamic libraries:
0x00007ff7883f0000 - 0x00007ff788400000 	C:\Program Files\Java\jdk-21\bin\java.exe
0x00007ffdab6f0000 - 0x00007ffdab907000 	C:\WINDOWS\SYSTEM32\ntdll.dll
0x00007ffdaa790000 - 0x00007ffdaa854000 	C:\WINDOWS\System32\KERNEL32.DLL
0x00007ffda8ed0000 - 0x00007ffda927d000 	C:\WINDOWS\System32\KERNELBASE.dll
0x00007ffda8db0000 - 0x00007ffda8ec1000 	C:\WINDOWS\System32\ucrtbase.dll
0x00007ffd85930000 - 0x00007ffd8594b000 	C:\Program Files\Java\jdk-21\bin\VCRUNTIME140.dll
0x00007ffd87740000 - 0x00007ffd87759000 	C:\Program Files\Java\jdk-21\bin\jli.dll
0x00007ffdaac30000 - 0x00007ffdaace2000 	C:\WINDOWS\System32\ADVAPI32.dll
0x00007ffdab320000 - 0x00007ffdab3c7000 	C:\WINDOWS\System32\msvcrt.dll
0x00007ffdaab80000 - 0x00007ffdaac29000 	C:\WINDOWS\System32\sechost.dll
0x00007ffda9280000 - 0x00007ffda92a8000 	C:\WINDOWS\System32\bcrypt.dll
0x00007ffdab3d0000 - 0x00007ffdab4e4000 	C:\WINDOWS\System32\RPCRT4.dll
0x00007ffdaacf0000 - 0x00007ffdaae9e000 	C:\WINDOWS\System32\USER32.dll
0x00007ffda8cc0000 - 0x00007ffda8ce6000 	C:\WINDOWS\System32\win32u.dll
0x00007ffd88f90000 - 0x00007ffd89223000 	C:\WINDOWS\WinSxS\amd64_microsoft.windows.common-controls_6595b64144ccf1df_6.0.22621.3672_none_2713b9d173822955\COMCTL32.dll
0x00007ffdaa860000 - 0x00007ffdaa889000 	C:\WINDOWS\System32\GDI32.dll
0x00007ffda8a10000 - 0x00007ffda8b29000 	C:\WINDOWS\System32\gdi32full.dll
0x00007ffda8b30000 - 0x00007ffda8bca000 	C:\WINDOWS\System32\msvcp_win.dll
0x00007ffd93c80000 - 0x00007ffd93c8a000 	C:\WINDOWS\SYSTEM32\VERSION.dll
0x00007ffdaa750000 - 0x00007ffdaa781000 	C:\WINDOWS\System32\IMM32.DLL
0x00007ffd985b0000 - 0x00007ffd985bc000 	C:\Program Files\Java\jdk-21\bin\vcruntime140_1.dll
0x00007ffd3eac0000 - 0x00007ffd3eb4e000 	C:\Program Files\Java\jdk-21\bin\msvcp140.dll
0x00007ffd07040000 - 0x00007ffd07d55000 	C:\Program Files\Java\jdk-21\bin\server\jvm.dll
0x00007ffda99c0000 - 0x00007ffda9a31000 	C:\WINDOWS\System32\WS2_32.dll
0x00007ffd9fcc0000 - 0x00007ffd9fcf4000 	C:\WINDOWS\SYSTEM32\WINMM.dll
0x00007ffda7880000 - 0x00007ffda78cd000 	C:\WINDOWS\SYSTEM32\POWRPROF.dll
0x00007ffda7860000 - 0x00007ffda7873000 	C:\WINDOWS\SYSTEM32\UMPDC.dll
0x00007ffda7ab0000 - 0x00007ffda7ac8000 	C:\WINDOWS\SYSTEM32\kernel.appcore.dll
0x00007ffd88190000 - 0x00007ffd8819a000 	C:\Program Files\Java\jdk-21\bin\jimage.dll
0x00007ffda6200000 - 0x00007ffda6432000 	C:\WINDOWS\SYSTEM32\DBGHELP.DLL
0x00007ffdaa3c0000 - 0x00007ffdaa74e000 	C:\WINDOWS\System32\combase.dll
0x00007ffda94a0000 - 0x00007ffda9577000 	C:\WINDOWS\System32\OLEAUT32.dll
0x00007ffd7bda0000 - 0x00007ffd7bdd2000 	C:\WINDOWS\SYSTEM32\dbgcore.DLL
0x00007ffda8bd0000 - 0x00007ffda8c4b000 	C:\WINDOWS\System32\bcryptPrimitives.dll
0x00007ffd86890000 - 0x00007ffd8689f000 	C:\Program Files\Java\jdk-21\bin\instrument.dll
0x00007ffd85910000 - 0x00007ffd8592f000 	C:\Program Files\Java\jdk-21\bin\java.dll

dbghelp: loaded successfully - version: 4.0.5 - missing functions: none
symbol engine: initialized successfully - sym options: 0x614 - pdb path: .;C:\Program Files\Java\jdk-21\bin;C:\WINDOWS\SYSTEM32;C:\WINDOWS\WinSxS\amd64_microsoft.windows.common-controls_6595b64144ccf1df_6.0.22621.3672_none_2713b9d173822955;C:\Program Files\Java\jdk-21\bin\server

VM Arguments:
jvm_args: -javaagent:C:\Program Files\JetBrains\IntelliJ IDEA Community Edition 2022.3.3\lib\idea_rt.jar=55053:C:\Program Files\JetBrains\IntelliJ IDEA Community Edition 2022.3.3\bin -Dfile.encoding=UTF-8 -Dsun.stdout.encoding=UTF-8 -Dsun.stderr.encoding=UTF-8 
java_command: Phase1.Simulator
java_class_path (initial): O:\OS\Phase1\out\production\Phase1
Launcher Type: SUN_STANDARD

[Global flags]
     intx CICompilerCount                          = 12                                        {product} {ergonomic}
     uint ConcGCThreads                            = 3                                         {product} {ergonomic}
     uint G1ConcRefinementThreads                  = 13                                        {product} {ergonomic}
   size_t G1HeapRegionSize                         = 2097152                                   {product} {ergonomic}
    uintx GCDrainStackTargetSize                   = 64                                        {product} {ergonomic}
   size_t InitialHeapSize                          = 264241152                                 {product} {ergonomic}
   size_t MarkStackSize                            = 4194304                                   {product} {ergonomic}
   size_t MaxHeapSize                              = 4219469824                                {product} {ergonomic}
   size_t MinHeapDeltaBytes                        = 2097152                                   {product} {ergonomic}
   size_t MinHeapSize                              = 8388608                                   {product} {ergonomic}
    uintx NonNMethodCodeHeapSize                   = 7602480                                {pd product} {ergonomic}
    uintx NonProfiledCodeHeapSize                  = 122027880                              {pd product} {ergonomic}
    uintx ProfiledCodeHeapSize                     = 122027880                              {pd product} {ergonomic}
    uintx ReservedCodeCacheSize                    = 251658240                              {pd product} {ergonomic}
     bool SegmentedCodeCache                       = true                                      {product} {ergonomic}
   size_t SoftMaxHeapSize                          = 4219469824                             {manageable} {ergonomic}
     bool UseCompressedOops                        = true                           {product lp64_product} {ergonomic}
     bool UseG1GC                                  = true                                      {product} {ergonomic}
     bool UseLargePagesIndividualAllocation        = false                                  {pd product} {ergonomic}

Logging:
Log output configuration:
 #0: stdout all=warning uptime,level,tags foldmultilines=false
 #1: stderr all=off uptime,level,tags foldmultilines=false

Environment Variables:
JAVA_HOME=C:\Program Files\Java\jdk-17
PATH=O:\JDK8\bin;C:\Program Files\Java\jdk-17;D:\VmWare\bin\;C:\Users\omkar\AppData\Local\Programs\Python\Python311\Scripts\;C:\Users\omkar\AppData\Local\Programs\Python\Python311\;C:\Program Files\Java\jdk-17;C:\WINDOWS\system32;C:\WINDOWS;C:\WINDOWS\System32\Wbem;C:\WINDOWS\System32\WindowsPowerShell\v1.0\;C:\WINDOWS\System32\OpenSSH\;C:\MinGW\bin;C:\Users\omkar\AppData\Local\Programs\Python\Python311\Scripts\pip;D:\python\.venv\Lib;C:\ProgramData\chocolatey\bin;C:\Program Files\nodejs\;C:\Program Files\HP\HP One Agent;C:\Program Files\Git\cmd;O:\MatLab\bin;O:\gpg\Gpg4win\..\GnuPG\bin;C:\Gpg4win\..\GnuPG\bin;C:\Users\omkar\AppData\Local\Android\Sdk;C:\Users\omkar\AppData\Local\Android\Sdk\platform-tools;C:\Program Files\PowerShell\7\;C:\Program Files\swipl\bin;C:\Users\omkar\AppData\Local\jdk-11.0.2\bin;C:\Users\omkar\AppData\Local\pnpm;C:\Program Files\MySQL\MySQL Shell 8.0\bin\;C:\Users\omkar\AppData\Local\Microsoft\WindowsApps;C:\Users\omkar\AppData\Local\Programs\Microsoft VS Code\bin;C:\Program Files\JetBrains\PyCharm Community Edition 2022.3.2\bin;D:\python\.venv\Lib;C:\Program Files\JetBrains\IntelliJ IDEA Community Edition 2022.3.3\bin;C:\Users\omkar\AppData\Roaming\npm;C:\php;C:\Ngrok;O:\pycharmProf\PyCharm 2023.3.3\bin;C:\TDM-GCC-64\bin;C:\Users\omkar\AppData\Local\Android\Sdk;C:\Users\omkar\AppData\Local\Android\Sdk\platform-tools;C:\Users\omkar\AppData\Local\Android\Sdk\tools;C:\Users\omkar\AppData\Local\Android\Sdk\emulator;C:\Users\omkar\AppData\Local\Android\Sdk\tools\bin;C:\Program Files\Java\jdk-17
USERNAME=omkar
OS=Windows_NT
PROCESSOR_IDENTIFIER=Intel64 Family 6 Model 154 Stepping 3, GenuineIntel
TMP=C:\Users\omkar\AppData\Local\Temp
TEMP=C:\Users\omkar\AppData\Local\Temp




Periodic native trim disabled

---------------  S Y S T E M  ---------------

OS:
 Windows 11 , 64 bit Build 22621 (10.0.22621.3958)
OS uptime: 0 days 23:09 hours
Hyper-V role detected

CPU: total 16 (initial active 16) (8 cores per cpu, 2 threads per core) family 6 model 154 stepping 3 microcode 0x42c, cx8, cmov, fxsr, ht, mmx, 3dnowpref, sse, sse2, sse3, ssse3, sse4.1, sse4.2, popcnt, lzcnt, tsc, tscinvbit, avx, avx2, aes, erms, clmul, bmi1, bmi2, adx, sha, fma, vzeroupper, clflush, clflushopt, clwb, hv, serialize, rdtscp, rdpid, fsrm, f16c, cet_ibt, cet_ss
Processor Information for processor 0
  Max Mhz: 2500, Current Mhz: 2500, Mhz Limit: 2500
Processor Information for processor 1
  Max Mhz: 2500, Current Mhz: 2500, Mhz Limit: 2500
Processor Information for processor 2
  Max Mhz: 2500, Current Mhz: 2500, Mhz Limit: 2500
Processor Information for processor 3
  Max Mhz: 2500, Current Mhz: 2500, Mhz Limit: 2500
Processor Information for processor 4
  Max Mhz: 2500, Current Mhz: 2500, Mhz Limit: 2500
Processor Information for processor 5
  Max Mhz: 2500, Current Mhz: 2500, Mhz Limit: 2500
Processor Information for processor 6
  Max Mhz: 2500, Current Mhz: 2500, Mhz Limit: 2500
Processor Information for processor 7
  Max Mhz: 2500, Current Mhz: 2500, Mhz Limit: 2500
Processor Information for processor 8
  Max Mhz: 2500, Current Mhz: 1800, Mhz Limit: 1800
Processor Information for processor 9
  Max Mhz: 2500, Current Mhz: 1500, Mhz Limit: 1800
Processor Information for processor 10
  Max Mhz: 2500, Current Mhz: 1800, Mhz Limit: 1800
Processor Information for processor 11
  Max Mhz: 2500, Current Mhz: 1500, Mhz Limit: 1800
Processor Information for processor 12
  Max Mhz: 2500, Current Mhz: 1500, Mhz Limit: 1800
Processor Information for processor 13
  Max Mhz: 2500, Current Mhz: 1500, Mhz Limit: 1800
Processor Information for processor 14
  Max Mhz: 2500, Current Mhz: 1500, Mhz Limit: 1800
Processor Information for processor 15
  Max Mhz: 2500, Current Mhz: 1500, Mhz Limit: 1800

Memory: 4k page, system-wide physical 16095M (508M free)
TotalPageFile size 24814M (AvailPageFile size 65M)
current process WorkingSet (physical memory assigned to process): 11M, peak: 11M
current process commit charge ("private bytes"): 71M, peak: 322M

vm_info: Java HotSpot(TM) 64-Bit Server VM (21.0.1+12-LTS-29) for windows-amd64 JRE (21.0.1+12-LTS-29), built on 2023-10-05T13:27:09Z by "mach5one" with MS VC++ 17.1 (VS2022)

END.
